<?xml version="1.0" encoding="UTF-8"?>
<testng-results ignored="0" total="4" passed="4" failed="0" skipped="0">
  <reporter-output>
  </reporter-output>
  <suite started-at="2025-07-24T19:50:19 CEST" name="Default suite" finished-at="2025-07-24T19:50:51 CEST" duration-ms="32438">
    <groups>
      <group name="cucumber">
        <method signature="AbstractTestNGCucumberTests.runScenario(io.cucumber.testng.PickleWrapper,io.cucumber.testng.FeatureWrapper)[pri:0, instance:runners.TodoRunner@700fb871]" name="runScenario" class="io.cucumber.testng.AbstractTestNGCucumberTests"/>
      </group> <!-- cucumber -->
    </groups>
    <test started-at="2025-07-24T19:50:19 CEST" name="Default test" finished-at="2025-07-24T19:50:51 CEST" duration-ms="32438">
      <class name="runners.TodoRunner">
        <test-method is-config="true" signature="setUpClass(org.testng.ITestContext)[pri:0, instance:runners.TodoRunner@700fb871]" started-at="2025-07-24T19:50:19 CEST" name="setUpClass" finished-at="2025-07-24T19:50:21 CEST" duration-ms="1491" status="PASS">
          <params>
            <param index="0">
              <value>
                <![CDATA[org.testng.TestRunner@26275b46]]>
              </value>
            </param>
          </params>
          <reporter-output>
          </reporter-output>
        </test-method> <!-- setUpClass -->
        <test-method signature="runScenario(io.cucumber.testng.PickleWrapper,io.cucumber.testng.FeatureWrapper)[pri:0, instance:runners.TodoRunner@700fb871]" started-at="2025-07-24T19:50:21 CEST" name="runScenario" description="Runs Cucumber Scenarios" data-provider="scenarios" finished-at="2025-07-24T19:50:30 CEST" duration-ms="9538" status="PASS">
          <params>
            <param index="0">
              <value>
                <![CDATA["Login with valid credentials"]]>
              </value>
            </param>
            <param index="1">
              <value>
                <![CDATA["Login Feature"]]>
              </value>
            </param>
          </params>
          <reporter-output>
          </reporter-output>
        </test-method> <!-- runScenario -->
        <test-method signature="runScenario(io.cucumber.testng.PickleWrapper,io.cucumber.testng.FeatureWrapper)[pri:0, instance:runners.TodoRunner@700fb871]" started-at="2025-07-24T19:50:30 CEST" name="runScenario" description="Runs Cucumber Scenarios" data-provider="scenarios" finished-at="2025-07-24T19:50:35 CEST" duration-ms="5062" status="PASS">
          <params>
            <param index="0">
              <value>
                <![CDATA["Login with invalid credentials"]]>
              </value>
            </param>
            <param index="1">
              <value>
                <![CDATA["Login Feature"]]>
              </value>
            </param>
          </params>
          <reporter-output>
          </reporter-output>
        </test-method> <!-- runScenario -->
        <test-method signature="runScenario(io.cucumber.testng.PickleWrapper,io.cucumber.testng.FeatureWrapper)[pri:0, instance:runners.TodoRunner@700fb871]" started-at="2025-07-24T19:50:35 CEST" name="runScenario" description="Runs Cucumber Scenarios" data-provider="scenarios" finished-at="2025-07-24T19:50:43 CEST" duration-ms="8122" status="PASS">
          <params>
            <param index="0">
              <value>
                <![CDATA["Edit an existing todo item"]]>
              </value>
            </param>
            <param index="1">
              <value>
                <![CDATA["ToDo Management"]]>
              </value>
            </param>
          </params>
          <reporter-output>
          </reporter-output>
        </test-method> <!-- runScenario -->
        <test-method signature="runScenario(io.cucumber.testng.PickleWrapper,io.cucumber.testng.FeatureWrapper)[pri:0, instance:runners.TodoRunner@700fb871]" started-at="2025-07-24T19:50:43 CEST" name="runScenario" description="Runs Cucumber Scenarios" data-provider="scenarios" finished-at="2025-07-24T19:50:51 CEST" duration-ms="7531" status="PASS">
          <params>
            <param index="0">
              <value>
                <![CDATA["Delete a todo item"]]>
              </value>
            </param>
            <param index="1">
              <value>
                <![CDATA["ToDo Management"]]>
              </value>
            </param>
          </params>
          <reporter-output>
          </reporter-output>
        </test-method> <!-- runScenario -->
        <test-method is-config="true" signature="tearDownClass()[pri:0, instance:runners.TodoRunner@700fb871]" started-at="2025-07-24T19:50:51 CEST" name="tearDownClass" finished-at="2025-07-24T19:50:51 CEST" duration-ms="576" status="PASS">
          <reporter-output>
          </reporter-output>
        </test-method> <!-- tearDownClass -->
      </class> <!-- runners.TodoRunner -->
    </test> <!-- Default test -->
  </suite> <!-- Default suite -->
</testng-results>
